M:\CSE_274\03_QUEUE_LAB\LAB_3_QUEUE_LAB\LAB_3_QUEUE_LAB\DEBUG\VC110.PDB
M:\CSE_274\03_QUEUE_LAB\LAB_3_QUEUE_LAB\LAB_3_QUEUE_LAB\DEBUG\MAIN.OBJ
M:\CSE_274\03_QUEUE_LAB\LAB_3_QUEUE_LAB\DEBUG\LAB_3_QUEUE_LAB.ILK
M:\CSE_274\03_QUEUE_LAB\LAB_3_QUEUE_LAB\DEBUG\LAB_3_QUEUE_LAB.EXE
M:\CSE_274\03_QUEUE_LAB\LAB_3_QUEUE_LAB\DEBUG\LAB_3_QUEUE_LAB.PDB
M:\CSE_274\03_Queue_Lab\Lab_3_Queue_Lab\Lab_3_Queue_Lab\Debug\main.obj
M:\CSE_274\03_Queue_Lab\Lab_3_Queue_Lab\Lab_3_Queue_Lab\Debug\cl.command.1.tlog
M:\CSE_274\03_Queue_Lab\Lab_3_Queue_Lab\Lab_3_Queue_Lab\Debug\CL.read.1.tlog
M:\CSE_274\03_Queue_Lab\Lab_3_Queue_Lab\Lab_3_Queue_Lab\Debug\CL.write.1.tlog
M:\CSE_274\03_Queue_Lab\Lab_3_Queue_Lab\Lab_3_Queue_Lab\Debug\link-cvtres.read.1.tlog
M:\CSE_274\03_Queue_Lab\Lab_3_Queue_Lab\Lab_3_Queue_Lab\Debug\link-cvtres.write.1.tlog
M:\CSE_274\03_Queue_Lab\Lab_3_Queue_Lab\Lab_3_Queue_Lab\Debug\link-rc.read.1.tlog
M:\CSE_274\03_Queue_Lab\Lab_3_Queue_Lab\Lab_3_Queue_Lab\Debug\link-rc.write.1.tlog
M:\CSE_274\03_Queue_Lab\Lab_3_Queue_Lab\Lab_3_Queue_Lab\Debug\link.command.1.tlog
M:\CSE_274\03_Queue_Lab\Lab_3_Queue_Lab\Lab_3_Queue_Lab\Debug\link.read.1.tlog
M:\CSE_274\03_Queue_Lab\Lab_3_Queue_Lab\Lab_3_Queue_Lab\Debug\link.write.1.tlog
M:\CSE_274\03_Queue_Lab\Lab_3_Queue_Lab\Lab_3_Queue_Lab\Debug\vc110.idb
M:\CSE_274\03_Queue_Lab\Lab_3_Queue_Lab\Lab_3_Queue_Lab\Debug\vc110.pdb
M:\CSE_274\03_Queue_Lab\Lab_3_Queue_Lab\Debug\Lab_3_Queue_Lab.pdb
M:\CSE_274\03_Queue_Lab\Lab_3_Queue_Lab\Debug\Lab_3_Queue_Lab.exe
M:\CSE_274\03_Queue_Lab\Lab_3_Queue_Lab\Debug\Lab_3_Queue_Lab.ilk
